<?xml version="1.0" encoding="UTF-8"?>
<!-- Generated by org.testng.reporters.JUnitReportReporter -->
<testsuite hostname="DrAlpha" failures="0" tests="3" name="com.automation.runners.TestRunner" time="15.876" errors="0" timestamp="2025-09-06T10:23:56 IST" skipped="0">
  <testcase classname="com.automation.runners.TestRunner" name="runScenario" time="5.311"/>
  <testcase classname="com.automation.runners.TestRunner" name="runScenario" time="3.746"/>
  <testcase classname="com.automation.runners.TestRunner" name="runScenario" time="6.819"/>
</testsuite> <!-- com.automation.runners.TestRunner -->
